Using pre-set license
Built from '2020.3/staging' branch; Version is '2020.3.0f1 (c7b5465681fb) revision 13088070'; Using compiler version '192528614'; Build Type 'Release'
OS: 'Windows 10 Home; OS build 19043.1288; Version 2009; 64bit' Language: 'en' Physical Memory: 16338 MB
BatchMode: 1, IsHumanControllingUs: 0, StartBugReporterOnCrash: 0, Is64bit: 1, IsPro: 0

 COMMAND LINE ARGUMENTS:
C:\Program Files\Unity\Hub\Editor\2020.3.0f1\Editor\Unity.exe
-adb2
-batchMode
-noUpm
-name
AssetImportWorker0
-projectPath
C:/Users/adrif/Documents/GitHub/MultiplayerOnlineProject
-logFile
Logs/AssetImportWorker0.log
-srvPort
53243
Successfully changed project path to: C:/Users/adrif/Documents/GitHub/MultiplayerOnlineProject
C:/Users/adrif/Documents/GitHub/MultiplayerOnlineProject
Using Asset Import Pipeline V2.
Refreshing native plugins compatible for Editor in 22.80 ms, found 0 plugins.
Preloading 0 native plugins for Editor in 0.00 ms.
Initialize engine version: 2020.3.0f1 (c7b5465681fb)
[Subsystems] Discovering subsystems at path C:/Program Files/Unity/Hub/Editor/2020.3.0f1/Editor/Data/Resources/UnitySubsystems
[Subsystems] Discovering subsystems at path C:/Users/adrif/Documents/GitHub/MultiplayerOnlineProject/Assets
GfxDevice: creating device client; threaded=0
Direct3D:
    Version:  Direct3D 11.0 [level 11.1]
    Renderer: NVIDIA GeForce GTX 1050 Ti (ID=0x1c82)
    Vendor:   
    VRAM:     4018 MB
    Driver:   30.0.14.9613
Initialize mono
Mono path[0] = 'C:/Program Files/Unity/Hub/Editor/2020.3.0f1/Editor/Data/Managed'
Mono path[1] = 'C:/Program Files/Unity/Hub/Editor/2020.3.0f1/Editor/Data/MonoBleedingEdge/lib/mono/unityjit'
Mono config path = 'C:/Program Files/Unity/Hub/Editor/2020.3.0f1/Editor/Data/MonoBleedingEdge/etc'
Using monoOptions --debugger-agent=transport=dt_socket,embedding=1,server=y,suspend=n,address=127.0.0.1:56104
Begin MonoManager ReloadAssembly
Registering precompiled unity dll's ...
Register platform support module: C:/Program Files/Unity/Hub/Editor/2020.3.0f1/Editor/Data/PlaybackEngines/WindowsStandaloneSupport/UnityEditor.WindowsStandalone.Extensions.dll
Registered in 0.003490 seconds.
Native extension for WindowsStandalone target not found
Refreshing native plugins compatible for Editor in 25.54 ms, found 0 plugins.
Preloading 0 native plugins for Editor in 0.00 ms.
Invoked RoslynAnalysisRunner static constructor.
RoslynAnalysisRunner will not be running.
RoslynAnalysisRunner has terminated.
Mono: successfully reloaded assembly
- Completed reload, in  1.272 seconds
Platform modules already initialized, skipping
Registering precompiled user dll's ...
Registered in 0.000919 seconds.
Begin MonoManager ReloadAssembly
Native extension for WindowsStandalone target not found
Refreshing native plugins compatible for Editor in 0.20 ms, found 0 plugins.
Preloading 0 native plugins for Editor in 0.00 ms.
Invoked RoslynAnalysisRunner static constructor.
RoslynAnalysisRunner will not be running.
RoslynAnalysisRunner has terminated.
Mono: successfully reloaded assembly
- Completed reload, in  1.052 seconds
Platform modules already initialized, skipping
========================================================================
Worker process is ready to serve import requests
Launched and connected shader compiler UnityShaderCompiler.exe after 0.12 seconds
Refreshing native plugins compatible for Editor in 0.21 ms, found 0 plugins.
Preloading 0 native plugins for Editor in 0.00 ms.
Unloading 1267 Unused Serialized files (Serialized files now loaded: 0)
System memory in use before: 61.8 MB.
System memory in use after: 61.8 MB.

Unloading 10 unused Assets to reduce memory usage. Loaded Objects now: 1710.
Total: 1.549400 ms (FindLiveObjects: 0.173000 ms CreateObjectMapping: 0.044200 ms MarkObjects: 1.248400 ms  DeleteObjects: 0.082800 ms)

========================================================================
Received Import Request.
  path: Assets/Scenes/Deliveries/Delivery 2/Server.cs
  artifactKey: Guid(ce630d7faa9f92b4481995e16ac58300) Importer(815301076,1909f56bfc062723c751e8b465ee728b)
Start importing Assets/Scenes/Deliveries/Delivery 2/Server.cs using Guid(ce630d7faa9f92b4481995e16ac58300) Importer(815301076,1909f56bfc062723c751e8b465ee728b)  -> (artifact id: 'b69e8295d8d5cedb0a64145c4f9bb6db') in 0.016969 seconds
  Import took 0.031910 seconds .

========================================================================
Received Import Request.
  Time since last request: 5360.322778 seconds.
  path: Assets/Scenes/Deliveries/Delivery 2/Server.cs
  artifactKey: Guid(ce630d7faa9f92b4481995e16ac58300) Importer(815301076,1909f56bfc062723c751e8b465ee728b)
Start importing Assets/Scenes/Deliveries/Delivery 2/Server.cs using Guid(ce630d7faa9f92b4481995e16ac58300) Importer(815301076,1909f56bfc062723c751e8b465ee728b)  -> (artifact id: '005e7ab3970a6bde089657547e96b14b') in 0.004681 seconds
  Import took 0.007507 seconds .

========================================================================
Received Import Request.
  Time since last request: 0.001435 seconds.
  path: Assets/Scenes/Deliveries/Delivery 2/Server.cs
  artifactKey: Guid(ce630d7faa9f92b4481995e16ac58300) Importer(815301076,1909f56bfc062723c751e8b465ee728b)
Start importing Assets/Scenes/Deliveries/Delivery 2/Server.cs using Guid(ce630d7faa9f92b4481995e16ac58300) Importer(815301076,1909f56bfc062723c751e8b465ee728b)  -> (artifact id: '005e7ab3970a6bde089657547e96b14b') in 0.004528 seconds
  Import took 0.007244 seconds .

========================================================================
Received Import Request.
  Time since last request: 32.093464 seconds.
  path: Assets/Scenes/Deliveries/Delivery 2/Server.cs
  artifactKey: Guid(ce630d7faa9f92b4481995e16ac58300) Importer(815301076,1909f56bfc062723c751e8b465ee728b)
Start importing Assets/Scenes/Deliveries/Delivery 2/Server.cs using Guid(ce630d7faa9f92b4481995e16ac58300) Importer(815301076,1909f56bfc062723c751e8b465ee728b)  -> (artifact id: 'a3407cc78fd5253754f6cafe21f990bc') in 0.003809 seconds
  Import took 0.006066 seconds .

========================================================================
Received Prepare
Registering precompiled user dll's ...
Registered in 0.000859 seconds.
Begin MonoManager ReloadAssembly
Native extension for WindowsStandalone target not found
Refreshing native plugins compatible for Editor in 0.22 ms, found 0 plugins.
Preloading 0 native plugins for Editor in 0.00 ms.
Invoked RoslynAnalysisRunner static constructor.
RoslynAnalysisRunner will not be running.
RoslynAnalysisRunner has terminated.
Mono: successfully reloaded assembly
- Completed reload, in  0.916 seconds
Platform modules already initialized, skipping
Refreshing native plugins compatible for Editor in 0.21 ms, found 0 plugins.
Preloading 0 native plugins for Editor in 0.00 ms.
Unloading 1261 Unused Serialized files (Serialized files now loaded: 0)
System memory in use before: 61.7 MB.
System memory in use after: 61.8 MB.

Unloading 5 unused Assets to reduce memory usage. Loaded Objects now: 1714.
Total: 1.713800 ms (FindLiveObjects: 0.227400 ms CreateObjectMapping: 0.060600 ms MarkObjects: 1.408500 ms  DeleteObjects: 0.016100 ms)

========================================================================
Received Import Request.
  Time since last request: 104.660063 seconds.
  path: Assets/Scenes/Deliveries/Delivery 2/Server.cs
  artifactKey: Guid(ce630d7faa9f92b4481995e16ac58300) Importer(815301076,1909f56bfc062723c751e8b465ee728b)
Start importing Assets/Scenes/Deliveries/Delivery 2/Server.cs using Guid(ce630d7faa9f92b4481995e16ac58300) Importer(815301076,1909f56bfc062723c751e8b465ee728b)  -> (artifact id: '182dd079c4e6875464a1fd220721dd10') in 0.004783 seconds
  Import took 0.006748 seconds .

========================================================================
Received Prepare
Registering precompiled user dll's ...
Registered in 0.000777 seconds.
Begin MonoManager ReloadAssembly
Native extension for WindowsStandalone target not found
Refreshing native plugins compatible for Editor in 0.33 ms, found 0 plugins.
Preloading 0 native plugins for Editor in 0.00 ms.
Invoked RoslynAnalysisRunner static constructor.
RoslynAnalysisRunner will not be running.
RoslynAnalysisRunner has terminated.
Mono: successfully reloaded assembly
- Completed reload, in  0.959 seconds
Platform modules already initialized, skipping
Refreshing native plugins compatible for Editor in 0.24 ms, found 0 plugins.
Preloading 0 native plugins for Editor in 0.00 ms.
Unloading 1260 Unused Serialized files (Serialized files now loaded: 0)
System memory in use before: 61.7 MB.
System memory in use after: 61.8 MB.

Unloading 5 unused Assets to reduce memory usage. Loaded Objects now: 1717.
Total: 2.663200 ms (FindLiveObjects: 0.194400 ms CreateObjectMapping: 0.057100 ms MarkObjects: 2.389400 ms  DeleteObjects: 0.020700 ms)

